Using pre-set license
Built from '6000.0/staging' branch; Version is '6000.0.41f1 (46e447368a18) revision 4645959'; Using compiler version '193933523'; Build Type 'Release'
OS: 'Windows 11  (10.0.26100) 64bit Core' Language: 'fr' Physical Memory: 16087 MB
BatchMode: 1, IsHumanControllingUs: 0, StartBugReporterOnCrash: 0, Is64bit: 1, IsPro: 1

COMMAND LINE ARGUMENTS:
C:\Program Files\Unity\Hub\Editor\6000.0.41f1\Editor\Unity.exe
-adb2
-batchMode
-noUpm
-name
AssetImportWorker0
-projectPath
C:/Users/shega/Desktop/BxlGmJm/Unity/avoid_the_dark
-logFile
Logs/AssetImportWorker0.log
-srvPort
58716
-job-worker-count
7
-background-job-worker-count
8
-gc-helper-count
1
Successfully changed project path to: C:/Users/shega/Desktop/BxlGmJm/Unity/avoid_the_dark
C:/Users/shega/Desktop/BxlGmJm/Unity/avoid_the_dark
[UnityMemory] Configuration Parameters - Can be set up in boot.config
    "memorysetup-bucket-allocator-granularity=16"
    "memorysetup-bucket-allocator-bucket-count=8"
    "memorysetup-bucket-allocator-block-size=33554432"
    "memorysetup-bucket-allocator-block-count=8"
    "memorysetup-main-allocator-block-size=16777216"
    "memorysetup-thread-allocator-block-size=16777216"
    "memorysetup-gfx-main-allocator-block-size=16777216"
    "memorysetup-gfx-thread-allocator-block-size=16777216"
    "memorysetup-cache-allocator-block-size=4194304"
    "memorysetup-typetree-allocator-block-size=2097152"
    "memorysetup-profiler-bucket-allocator-granularity=16"
    "memorysetup-profiler-bucket-allocator-bucket-count=8"
    "memorysetup-profiler-bucket-allocator-block-size=33554432"
    "memorysetup-profiler-bucket-allocator-block-count=8"
    "memorysetup-profiler-allocator-block-size=16777216"
    "memorysetup-profiler-editor-allocator-block-size=1048576"
    "memorysetup-temp-allocator-size-main=16777216"
    "memorysetup-job-temp-allocator-block-size=2097152"
    "memorysetup-job-temp-allocator-block-size-background=1048576"
    "memorysetup-job-temp-allocator-reduction-small-platforms=262144"
    "memorysetup-allocator-temp-initial-block-size-main=262144"
    "memorysetup-allocator-temp-initial-block-size-worker=262144"
    "memorysetup-temp-allocator-size-background-worker=32768"
    "memorysetup-temp-allocator-size-job-worker=262144"
    "memorysetup-temp-allocator-size-preload-manager=33554432"
    "memorysetup-temp-allocator-size-nav-mesh-worker=65536"
    "memorysetup-temp-allocator-size-audio-worker=65536"
    "memorysetup-temp-allocator-size-cloud-worker=32768"
    "memorysetup-temp-allocator-size-gi-baking-worker=262144"
    "memorysetup-temp-allocator-size-gi-baking-worker=262144"
    "memorysetup-temp-allocator-size-gi-baking-worker=262144"
    "memorysetup-temp-allocator-size-gi-baking-worker=262144"
    "memorysetup-temp-allocator-size-gi-baking-worker=262144"
    "memorysetup-temp-allocator-size-gfx=262144"
Player connection [5816]  Target information:

Player connection [5816]  * "[IP] 192.168.0.197 [Port] 0 [Flags] 2 [Guid] 3132454591 [EditorId] 3132454591 [Version] 1048832 [Id] WindowsEditor(7,PCPSheg) [Debug] 1 [PackageName] WindowsEditor [ProjectName] Editor" 

Player connection [5816] Host joined multi-casting on [225.0.0.222:54997]...
Player connection [5816] Host joined alternative multi-casting on [225.0.0.222:34997]...
JobSystem: Creating JobQueue using job-worker-count value 7
Input System module state changed to: Initialized.
[Physics::Module] Initialized fallback backend.
[Physics::Module] Id: 0xdecafbad
Library Redirect Path: Library/
[Physics::Module] Selected backend.
[Physics::Module] Name: PhysX
[Physics::Module] Id: 0xf2b8ea05
[Physics::Module] SDK Version: 4.1.2
[Physics::Module] Integration Version: 1.0.0
[Physics::Module] Threading Mode: Multi-Threaded
Refreshing native plugins compatible for Editor in 377.96 ms, found 3 plugins.
Preloading 0 native plugins for Editor in 0.00 ms.
Initialize engine version: 6000.0.41f1 (46e447368a18)
[Subsystems] Discovering subsystems at path C:/Program Files/Unity/Hub/Editor/6000.0.41f1/Editor/Data/Resources/UnitySubsystems
[Subsystems] Discovering subsystems at path C:/Users/shega/Desktop/BxlGmJm/Unity/avoid_the_dark/Assets
GfxDevice: creating device client; kGfxThreadingModeNonThreaded
Direct3D:
    Version:  Direct3D 11.0 [level 11.1]
    Renderer: NVIDIA GeForce RTX 4070 Laptop GPU (ID=0x2820)
    Vendor:   NVIDIA
    VRAM:     7948 MB
    Driver:   32.0.15.7260
Initialize mono
Mono path[0] = 'C:/Program Files/Unity/Hub/Editor/6000.0.41f1/Editor/Data/Managed'
Mono path[1] = 'C:/Program Files/Unity/Hub/Editor/6000.0.41f1/Editor/Data/MonoBleedingEdge/lib/mono/unityjit-win32'
Mono config path = 'C:/Program Files/Unity/Hub/Editor/6000.0.41f1/Editor/Data/MonoBleedingEdge/etc'
Using monoOptions --debugger-agent=transport=dt_socket,embedding=1,server=y,suspend=n,address=127.0.0.1:56904
Begin MonoManager ReloadAssembly
Registering precompiled unity dll's ...
Register platform support module: C:/Program Files/Unity/Hub/Editor/6000.0.41f1/Editor/Data/PlaybackEngines/WebGLSupport/UnityEditor.WebGL.Extensions.dll
Register platform support module: C:/Program Files/Unity/Hub/Editor/6000.0.41f1/Editor/Data/PlaybackEngines/WindowsStandaloneSupport/UnityEditor.WindowsStandalone.Extensions.dll
Register platform support module: C:/Program Files/Unity/Hub/Editor/6000.0.41f1/Editor/Data/PlaybackEngines/MetroSupport/UnityEditor.UWP.Extensions.dll
Registered in 4.234044 seconds.
- Loaded All Assemblies, in 53.980 seconds
Native extension for UWP target not found
Native extension for WindowsStandalone target not found
Native extension for WebGL target not found
Mono: successfully reloaded assembly
- Finished resetting the current domain, in  0.519 seconds
Domain Reload Profiling: 54498ms
	BeginReloadAssembly (41422ms)
		ExecutionOrderSort (0ms)
		DisableScriptedObjects (0ms)
		BackupInstance (0ms)
		ReleaseScriptingObjects (0ms)
		CreateAndSetChildDomain (1ms)
	RebuildCommonClasses (2337ms)
	RebuildNativeTypeToScriptingClass (12ms)
	initialDomainReloadingComplete (4291ms)
	LoadAllAssembliesAndSetupDomain (5915ms)
		LoadAssemblies (41485ms)
		RebuildTransferFunctionScriptingTraits (0ms)
		AnalyzeDomain (5847ms)
			TypeCache.Refresh (5845ms)
				TypeCache.ScanAssembly (4533ms)
			BuildScriptInfoCaches (0ms)
			ResolveRequiredComponents (1ms)
	FinalizeReload (520ms)
		ReleaseScriptCaches (0ms)
		RebuildScriptCaches (0ms)
		SetupLoadedEditorAssemblies (471ms)
			LogAssemblyErrors (0ms)
			InitializePlatformSupportModulesInManaged (78ms)
			SetLoadedEditorAssemblies (6ms)
			BeforeProcessingInitializeOnLoad (64ms)
			ProcessInitializeOnLoadAttributes (187ms)
			ProcessInitializeOnLoadMethodAttributes (136ms)
			AfterProcessingInitializeOnLoad (0ms)
			EditorAssembliesLoaded (0ms)
		ExecutionOrderSort2 (0ms)
		AwakeInstancesAfterBackupRestoration (0ms)
========================================================================
Worker process is ready to serve import requests
Import Worker Mode flag is 0x00
Begin MonoManager ReloadAssembly
- Loaded All Assemblies, in 29.976 seconds
Refreshing native plugins compatible for Editor in 3.80 ms, found 3 plugins.
Native extension for UWP target not found
Native extension for WindowsStandalone target not found
Native extension for WebGL target not found
Mono: successfully reloaded assembly
- Finished resetting the current domain, in  4.464 seconds
Domain Reload Profiling: 34433ms
	BeginReloadAssembly (185ms)
		ExecutionOrderSort (0ms)
		DisableScriptedObjects (6ms)
		BackupInstance (0ms)
		ReleaseScriptingObjects (0ms)
		CreateAndSetChildDomain (30ms)
	RebuildCommonClasses (40ms)
	RebuildNativeTypeToScriptingClass (12ms)
	initialDomainReloadingComplete (42ms)
	LoadAllAssembliesAndSetupDomain (29688ms)
		LoadAssemblies (27920ms)
		RebuildTransferFunctionScriptingTraits (0ms)
		AnalyzeDomain (1879ms)
			TypeCache.Refresh (1681ms)
				TypeCache.ScanAssembly (1518ms)
			BuildScriptInfoCaches (158ms)
			ResolveRequiredComponents (32ms)
	FinalizeReload (4466ms)
		ReleaseScriptCaches (0ms)
		RebuildScriptCaches (0ms)
		SetupLoadedEditorAssemblies (2803ms)
			LogAssemblyErrors (0ms)
			InitializePlatformSupportModulesInManaged (51ms)
			SetLoadedEditorAssemblies (11ms)
			BeforeProcessingInitializeOnLoad (383ms)
			ProcessInitializeOnLoadAttributes (1376ms)
			ProcessInitializeOnLoadMethodAttributes (960ms)
			AfterProcessingInitializeOnLoad (22ms)
			EditorAssembliesLoaded (1ms)
		ExecutionOrderSort2 (0ms)
		AwakeInstancesAfterBackupRestoration (24ms)
Launched and connected shader compiler UnityShaderCompiler.exe after 0.14 seconds
Refreshing native plugins compatible for Editor in 4.29 ms, found 3 plugins.
Preloading 0 native plugins for Editor in 0.00 ms.
Unloading 199 Unused Serialized files (Serialized files now loaded: 0)
Unloading 5939 unused Assets / (3.8 MB). Loaded Objects now: 6647.
Memory consumption went from 163.3 MB to 159.6 MB.
Total: 18.397200 ms (FindLiveObjects: 1.112400 ms CreateObjectMapping: 0.684600 ms MarkObjects: 11.607800 ms  DeleteObjects: 4.990200 ms)

========================================================================
Received Import Request.
  Time since last request: 1953209.009215 seconds.
  path: Assets/Meshes/BookSHelf.fbx
  artifactKey: Guid(41fe0b0008df23b43b44e2eb491e58cd) Importer(815301076,1909f56bfc062723c751e8b465ee728b)
Start importing Assets/Meshes/BookSHelf.fbx using Guid(41fe0b0008df23b43b44e2eb491e58cd) Importer(815301076,1909f56bfc062723c751e8b465ee728b) (PreviewImporter) -> (artifact id: '3e81913fd4be0c4a9fe861ec07cdd811') in 7.3514782 seconds
Number of updated asset objects reloaded before import = 0Number of asset objects unloaded after import = 1278

========================================================================
Received Import Request.
  Time since last request: 969.798184 seconds.
  path: Assets/Meshes/BlackBoard.fbx
  artifactKey: Guid(c66780326a691dd48901909396d507ec) Importer(815301076,1909f56bfc062723c751e8b465ee728b)
Start importing Assets/Meshes/BlackBoard.fbx using Guid(c66780326a691dd48901909396d507ec) Importer(815301076,1909f56bfc062723c751e8b465ee728b) (PreviewImporter) -> (artifact id: '5caa5f76440184295b5defd816316f2c') in 0.1242006 seconds
Number of updated asset objects reloaded before import = 0Number of asset objects unloaded after import = 7

========================================================================
Received Import Request.
  Time since last request: 4.329287 seconds.
  path: Assets/Meshes/BlackBoard.fbx
  artifactKey: Guid(c66780326a691dd48901909396d507ec) Importer(815301076,1909f56bfc062723c751e8b465ee728b)
Start importing Assets/Meshes/BlackBoard.fbx using Guid(c66780326a691dd48901909396d507ec) Importer(815301076,1909f56bfc062723c751e8b465ee728b) (PreviewImporter) -> (artifact id: '63be7bf3e45c37ce5e52a831d2af28f4') in 0.1037529 seconds
Number of updated asset objects reloaded before import = 0Number of asset objects unloaded after import = 8

========================================================================
Received Import Request.
  Time since last request: 6.122278 seconds.
  path: Assets/Meshes/BlackBoard.fbx
  artifactKey: Guid(c66780326a691dd48901909396d507ec) Importer(815301076,1909f56bfc062723c751e8b465ee728b)
Start importing Assets/Meshes/BlackBoard.fbx using Guid(c66780326a691dd48901909396d507ec) Importer(815301076,1909f56bfc062723c751e8b465ee728b) (PreviewImporter) -> (artifact id: 'c02c197e16af2137a087bc4ab4004e8d') in 0.0991698 seconds
Number of updated asset objects reloaded before import = 0Number of asset objects unloaded after import = 8

========================================================================
Received Import Request.
  Time since last request: 128.308956 seconds.
  path: Assets/Material/Floor_Corridor.mat
  artifactKey: Guid(eedd4ce169cbc82448dd387aa021a025) Importer(815301076,1909f56bfc062723c751e8b465ee728b)
Start importing Assets/Material/Floor_Corridor.mat using Guid(eedd4ce169cbc82448dd387aa021a025) Importer(815301076,1909f56bfc062723c751e8b465ee728b) (PreviewImporter) -> (artifact id: '37e970de7e364e4af00ef6c370cd88b8') in 0.372007 seconds
Number of updated asset objects reloaded before import = 0Number of asset objects unloaded after import = 5

========================================================================
Received Import Request.
  Time since last request: 0.000029 seconds.
  path: Assets/Material/LightEmissive.mat
  artifactKey: Guid(67233e87eb4c28b499afeda12388f81a) Importer(815301076,1909f56bfc062723c751e8b465ee728b)
Start importing Assets/Material/LightEmissive.mat using Guid(67233e87eb4c28b499afeda12388f81a) Importer(815301076,1909f56bfc062723c751e8b465ee728b) (PreviewImporter) -> (artifact id: 'a30d305e413e443ac87bb48b083065ea') in 0.1094908 seconds
Number of updated asset objects reloaded before import = 0Number of asset objects unloaded after import = 1

========================================================================
Received Import Request.
  Time since last request: 3.076226 seconds.
  path: Assets/Material/Bookshelf.mat
  artifactKey: Guid(7ac771cb41d97b349bc3a0932371ac65) Importer(815301076,1909f56bfc062723c751e8b465ee728b)
Start importing Assets/Material/Bookshelf.mat using Guid(7ac771cb41d97b349bc3a0932371ac65) Importer(815301076,1909f56bfc062723c751e8b465ee728b) (PreviewImporter) -> (artifact id: 'a47b31a9141b1ffa7fcd1d6a4fe42b76') in 0.2221523 seconds
Number of updated asset objects reloaded before import = 0Number of asset objects unloaded after import = 4

========================================================================
Received Import Request.
  Time since last request: 93.523857 seconds.
  path: Assets/Meshes/BlackBoard.fbx
  artifactKey: Guid(c66780326a691dd48901909396d507ec) Importer(815301076,1909f56bfc062723c751e8b465ee728b)
Start importing Assets/Meshes/BlackBoard.fbx using Guid(c66780326a691dd48901909396d507ec) Importer(815301076,1909f56bfc062723c751e8b465ee728b) (PreviewImporter) -> (artifact id: '5169453a862c49f050f50fe3b6126181') in 0.1089505 seconds
Number of updated asset objects reloaded before import = 0Number of asset objects unloaded after import = 8

========================================================================
Received Import Request.
  Time since last request: 9.354444 seconds.
  path: Assets/Meshes/BlackBoard.fbx
  artifactKey: Guid(c66780326a691dd48901909396d507ec) Importer(815301076,1909f56bfc062723c751e8b465ee728b)
Start importing Assets/Meshes/BlackBoard.fbx using Guid(c66780326a691dd48901909396d507ec) Importer(815301076,1909f56bfc062723c751e8b465ee728b) (PreviewImporter) -> (artifact id: 'cb3201ebbf68a9b0bb58f64379048cec') in 0.053139 seconds
Number of updated asset objects reloaded before import = 0Number of asset objects unloaded after import = 8

========================================================================
Received Import Request.
  Time since last request: 9.551447 seconds.
  path: Assets/Material/Ceiling.mat
  artifactKey: Guid(f36cb09dac49e9e479328b2abc709af4) Importer(815301076,1909f56bfc062723c751e8b465ee728b)
Start importing Assets/Material/Ceiling.mat using Guid(f36cb09dac49e9e479328b2abc709af4) Importer(815301076,1909f56bfc062723c751e8b465ee728b) (PreviewImporter) -> (artifact id: 'f35b9475d559e73375c8b1641abc4f20') in 0.1554077 seconds
Number of updated asset objects reloaded before import = 0Number of asset objects unloaded after import = 4

========================================================================
Received Import Request.
  Time since last request: 0.000032 seconds.
  path: Assets/Material/Chair.mat
  artifactKey: Guid(18e9c798ff7f10d4296ea5da1704033f) Importer(815301076,1909f56bfc062723c751e8b465ee728b)
Start importing Assets/Material/Chair.mat using Guid(18e9c798ff7f10d4296ea5da1704033f) Importer(815301076,1909f56bfc062723c751e8b465ee728b) (PreviewImporter) -> (artifact id: 'd61db7028ccffe70e9632764afbe917e') in 0.1633872 seconds
Number of updated asset objects reloaded before import = 0Number of asset objects unloaded after import = 4

========================================================================
Received Import Request.
  Time since last request: 0.000033 seconds.
  path: Assets/Material/Desk.mat
  artifactKey: Guid(5ceca2e2fcda7aa47a216bc846e3bb81) Importer(815301076,1909f56bfc062723c751e8b465ee728b)
Start importing Assets/Material/Desk.mat using Guid(5ceca2e2fcda7aa47a216bc846e3bb81) Importer(815301076,1909f56bfc062723c751e8b465ee728b) (PreviewImporter) -> (artifact id: '29491b777406f9c3501408811a807647') in 0.1155699 seconds
Number of updated asset objects reloaded before import = 0Number of asset objects unloaded after import = 4

========================================================================
Received Import Request.
  Time since last request: 2.178154 seconds.
  path: Assets/Meshes/BlackBoard.fbx
  artifactKey: Guid(c66780326a691dd48901909396d507ec) Importer(815301076,1909f56bfc062723c751e8b465ee728b)
Start importing Assets/Meshes/BlackBoard.fbx using Guid(c66780326a691dd48901909396d507ec) Importer(815301076,1909f56bfc062723c751e8b465ee728b) (PreviewImporter) -> (artifact id: 'aafe68afcb5634e7fbeaa32a657862dd') in 0.0552494 seconds
Number of updated asset objects reloaded before import = 0Number of asset objects unloaded after import = 8

========================================================================
Received Import Request.
  Time since last request: 42.883611 seconds.
  path: Assets/Meshes/BlackBoard.fbx
  artifactKey: Guid(c66780326a691dd48901909396d507ec) Importer(815301076,1909f56bfc062723c751e8b465ee728b)
Start importing Assets/Meshes/BlackBoard.fbx using Guid(c66780326a691dd48901909396d507ec) Importer(815301076,1909f56bfc062723c751e8b465ee728b) (PreviewImporter) -> (artifact id: 'd875333736676283004f31694fb1fce6') in 0.047337 seconds
Number of updated asset objects reloaded before import = 0Number of asset objects unloaded after import = 8

========================================================================
Received Import Request.
  Time since last request: 3142.319480 seconds.
  path: Assets/Meshes/Posters.fbx
  artifactKey: Guid(791dfe8d021607943a0162c96dc28230) Importer(815301076,1909f56bfc062723c751e8b465ee728b)
Start importing Assets/Meshes/Posters.fbx using Guid(791dfe8d021607943a0162c96dc28230) Importer(815301076,1909f56bfc062723c751e8b465ee728b) (PreviewImporter) -> (artifact id: '07662381ee63c6cff9f5d5d6ea4b44e4') in 0.1566702 seconds
Number of updated asset objects reloaded before import = 0Number of asset objects unloaded after import = 24

========================================================================
Received Import Request.
  Time since last request: 3.864509 seconds.
  path: Assets/Meshes/Posters.fbx
  artifactKey: Guid(791dfe8d021607943a0162c96dc28230) Importer(815301076,1909f56bfc062723c751e8b465ee728b)
Start importing Assets/Meshes/Posters.fbx using Guid(791dfe8d021607943a0162c96dc28230) Importer(815301076,1909f56bfc062723c751e8b465ee728b) (PreviewImporter) -> (artifact id: 'c57a24e1f5499304b72f041ee0e5f246') in 0.1126293 seconds
Number of updated asset objects reloaded before import = 0Number of asset objects unloaded after import = 24

========================================================================
Received Import Request.
  Time since last request: 12.085701 seconds.
  path: Assets/Meshes/Posters.fbx
  artifactKey: Guid(791dfe8d021607943a0162c96dc28230) Importer(815301076,1909f56bfc062723c751e8b465ee728b)
Start importing Assets/Meshes/Posters.fbx using Guid(791dfe8d021607943a0162c96dc28230) Importer(815301076,1909f56bfc062723c751e8b465ee728b) (PreviewImporter) -> (artifact id: '32535f6cac8a0b66117a100e2b2f04a8') in 0.1332913 seconds
Number of updated asset objects reloaded before import = 0Number of asset objects unloaded after import = 25

========================================================================
Received Import Request.
  Time since last request: 19.030434 seconds.
  path: Assets/Texture/Posters
  artifactKey: Guid(762e6ab49f6ac8046aad7951e95399b5) Importer(815301076,1909f56bfc062723c751e8b465ee728b)
Start importing Assets/Texture/Posters using Guid(762e6ab49f6ac8046aad7951e95399b5) Importer(815301076,1909f56bfc062723c751e8b465ee728b) (PreviewImporter) -> (artifact id: '7e1ff29576e87bfedcaaec6729f55878') in 0.0008317 seconds
Number of updated asset objects reloaded before import = 0Number of asset objects unloaded after import = 0

========================================================================
Received Import Request.
  Time since last request: 55.819927 seconds.
  path: Assets/Meshes/BlackBoard.fbx
  artifactKey: Guid(c66780326a691dd48901909396d507ec) Importer(815301076,1909f56bfc062723c751e8b465ee728b)
Start importing Assets/Meshes/BlackBoard.fbx using Guid(c66780326a691dd48901909396d507ec) Importer(815301076,1909f56bfc062723c751e8b465ee728b) (PreviewImporter) -> (artifact id: 'f7ac3a566c25852cb30406bf7f2346a7') in 0.1368864 seconds
Number of updated asset objects reloaded before import = 0Number of asset objects unloaded after import = 11

========================================================================
Received Import Request.
  Time since last request: 2.454060 seconds.
  path: Assets/Material/BlackBoard.mat
  artifactKey: Guid(c2931ba6866724a468a19bcf36a5129c) Importer(815301076,1909f56bfc062723c751e8b465ee728b)
Start importing Assets/Material/BlackBoard.mat using Guid(c2931ba6866724a468a19bcf36a5129c) Importer(815301076,1909f56bfc062723c751e8b465ee728b) (PreviewImporter) -> (artifact id: 'ce628100dda7f89bda08d9f02879e9e9') in 0.0352874 seconds
Number of updated asset objects reloaded before import = 0Number of asset objects unloaded after import = 4

========================================================================
Received Import Request.
  Time since last request: 5.351562 seconds.
  path: Assets/Meshes/Posters.fbx
  artifactKey: Guid(791dfe8d021607943a0162c96dc28230) Importer(815301076,1909f56bfc062723c751e8b465ee728b)
Start importing Assets/Meshes/Posters.fbx using Guid(791dfe8d021607943a0162c96dc28230) Importer(815301076,1909f56bfc062723c751e8b465ee728b) (PreviewImporter) -> (artifact id: 'd1af9eefa848f98951a574aab487bd89') in 0.095391 seconds
Number of updated asset objects reloaded before import = 0Number of asset objects unloaded after import = 25

========================================================================
Received Import Request.
  Time since last request: 1535.262595 seconds.
  path: Assets/Meshes/TeacherDesk.fbx
  artifactKey: Guid(ae349534365cf3b45aa5904817d3e62f) Importer(815301076,1909f56bfc062723c751e8b465ee728b)
Start importing Assets/Meshes/TeacherDesk.fbx using Guid(ae349534365cf3b45aa5904817d3e62f) Importer(815301076,1909f56bfc062723c751e8b465ee728b) (PreviewImporter) -> (artifact id: '40f6213573a61a10f78dec80f3fae8b1') in 0.0789805 seconds
Number of updated asset objects reloaded before import = 0Number of asset objects unloaded after import = 7

========================================================================
Received Import Request.
  Time since last request: 9.056970 seconds.
  path: Assets/Meshes/TeacherDesk.fbx
  artifactKey: Guid(ae349534365cf3b45aa5904817d3e62f) Importer(815301076,1909f56bfc062723c751e8b465ee728b)
Start importing Assets/Meshes/TeacherDesk.fbx using Guid(ae349534365cf3b45aa5904817d3e62f) Importer(815301076,1909f56bfc062723c751e8b465ee728b) (PreviewImporter) -> (artifact id: '5e5aebc5422109b8c6312a5682dbd3fd') in 0.0578008 seconds
Number of updated asset objects reloaded before import = 0Number of asset objects unloaded after import = 8

========================================================================
Received Import Request.
  Time since last request: 126.447771 seconds.
  path: Assets/Meshes/TeacherDesk.fbx
  artifactKey: Guid(ae349534365cf3b45aa5904817d3e62f) Importer(815301076,1909f56bfc062723c751e8b465ee728b)
Start importing Assets/Meshes/TeacherDesk.fbx using Guid(ae349534365cf3b45aa5904817d3e62f) Importer(815301076,1909f56bfc062723c751e8b465ee728b) (PreviewImporter) -> (artifact id: '36b76fc967703c4e44bf24bf6aba73d5') in 0.1403159 seconds
Number of updated asset objects reloaded before import = 0Number of asset objects unloaded after import = 8

========================================================================
Received Import Request.
  Time since last request: 7.716580 seconds.
  path: Assets/Meshes/TeacherDesk.fbx
  artifactKey: Guid(ae349534365cf3b45aa5904817d3e62f) Importer(815301076,1909f56bfc062723c751e8b465ee728b)
Start importing Assets/Meshes/TeacherDesk.fbx using Guid(ae349534365cf3b45aa5904817d3e62f) Importer(815301076,1909f56bfc062723c751e8b465ee728b) (PreviewImporter) -> (artifact id: 'ffca02e860e7d45e8c0a1ea2f0d98de4') in 0.0650211 seconds
Number of updated asset objects reloaded before import = 0Number of asset objects unloaded after import = 8

========================================================================
Received Import Request.
  Time since last request: 33.648485 seconds.
  path: Assets/Meshes/TeacherDesk.fbx
  artifactKey: Guid(ae349534365cf3b45aa5904817d3e62f) Importer(815301076,1909f56bfc062723c751e8b465ee728b)
Start importing Assets/Meshes/TeacherDesk.fbx using Guid(ae349534365cf3b45aa5904817d3e62f) Importer(815301076,1909f56bfc062723c751e8b465ee728b) (PreviewImporter) -> (artifact id: '9fad1d9c0bfa7982b24ba8a8180d7002') in 0.0705312 seconds
Number of updated asset objects reloaded before import = 0Number of asset objects unloaded after import = 8

========================================================================
Received Import Request.
  Time since last request: 5.531394 seconds.
  path: Assets/Meshes/TeacherDesk.fbx
  artifactKey: Guid(ae349534365cf3b45aa5904817d3e62f) Importer(815301076,1909f56bfc062723c751e8b465ee728b)
Start importing Assets/Meshes/TeacherDesk.fbx using Guid(ae349534365cf3b45aa5904817d3e62f) Importer(815301076,1909f56bfc062723c751e8b465ee728b) (PreviewImporter) -> (artifact id: '90e79c75259c5c0f02b90693a6826b18') in 0.0931961 seconds
Number of updated asset objects reloaded before import = 0Number of asset objects unloaded after import = 8

========================================================================
Received Import Request.
  Time since last request: 40.047895 seconds.
  path: Assets/Meshes/TeacherDesk.fbx
  artifactKey: Guid(ae349534365cf3b45aa5904817d3e62f) Importer(815301076,1909f56bfc062723c751e8b465ee728b)
Start importing Assets/Meshes/TeacherDesk.fbx using Guid(ae349534365cf3b45aa5904817d3e62f) Importer(815301076,1909f56bfc062723c751e8b465ee728b) (PreviewImporter) -> (artifact id: 'fee02831d6b8df658a8bb6b585f24879') in 0.1131744 seconds
Number of updated asset objects reloaded before import = 0Number of asset objects unloaded after import = 8

========================================================================
Received Import Request.
  Time since last request: 3.525907 seconds.
  path: Assets/Meshes/TeacherDesk.fbx
  artifactKey: Guid(ae349534365cf3b45aa5904817d3e62f) Importer(815301076,1909f56bfc062723c751e8b465ee728b)
Start importing Assets/Meshes/TeacherDesk.fbx using Guid(ae349534365cf3b45aa5904817d3e62f) Importer(815301076,1909f56bfc062723c751e8b465ee728b) (PreviewImporter) -> (artifact id: '3b45d535f4914cfd59d96d125f1dc047') in 0.0611381 seconds
Number of updated asset objects reloaded before import = 0Number of asset objects unloaded after import = 8

========================================================================
Received Import Request.
  Time since last request: 76.448981 seconds.
  path: Assets/Texture/TeacherDesk/TeacherDesk_TeacherDesk_MetallicSmoothness.png
  artifactKey: Guid(118cb5296cd673541b6c0f15cbcc034b) Importer(815301076,1909f56bfc062723c751e8b465ee728b)
Start importing Assets/Texture/TeacherDesk/TeacherDesk_TeacherDesk_MetallicSmoothness.png using Guid(118cb5296cd673541b6c0f15cbcc034b) Importer(815301076,1909f56bfc062723c751e8b465ee728b) (PreviewImporter) -> (artifact id: '5c988e6a1e0eacd993d0ddcf17af8eb6') in 0.1518532 seconds
Number of updated asset objects reloaded before import = 0Number of asset objects unloaded after import = 2

========================================================================
Received Import Request.
  Time since last request: 2.276171 seconds.
  path: Assets/Texture/TeacherDesk/TeacherDesk_TeacherDesk_MetallicSmoothness.png
  artifactKey: Guid(118cb5296cd673541b6c0f15cbcc034b) Importer(815301076,1909f56bfc062723c751e8b465ee728b)
Start importing Assets/Texture/TeacherDesk/TeacherDesk_TeacherDesk_MetallicSmoothness.png using Guid(118cb5296cd673541b6c0f15cbcc034b) Importer(815301076,1909f56bfc062723c751e8b465ee728b) (PreviewImporter) -> (artifact id: 'd84f4fb5b23054fab4cbd59eb3997b89') in 0.0316553 seconds
Number of updated asset objects reloaded before import = 0Number of asset objects unloaded after import = 2

========================================================================
Received Import Request.
  Time since last request: 16.371432 seconds.
  path: Assets/Material/Posters.mat
  artifactKey: Guid(41478237bb53a0546adf0fe64ca76280) Importer(815301076,1909f56bfc062723c751e8b465ee728b)
Start importing Assets/Material/Posters.mat using Guid(41478237bb53a0546adf0fe64ca76280) Importer(815301076,1909f56bfc062723c751e8b465ee728b) (PreviewImporter) -> (artifact id: '323b66d5862c3ed3a2fc542b492536c8') in 0.1015699 seconds
Number of updated asset objects reloaded before import = 0Number of asset objects unloaded after import = 4

========================================================================
Received Import Request.
  Time since last request: 3.387471 seconds.
  path: Assets/Meshes/TeacherDesk.fbx
  artifactKey: Guid(ae349534365cf3b45aa5904817d3e62f) Importer(815301076,1909f56bfc062723c751e8b465ee728b)
Start importing Assets/Meshes/TeacherDesk.fbx using Guid(ae349534365cf3b45aa5904817d3e62f) Importer(815301076,1909f56bfc062723c751e8b465ee728b) (PreviewImporter) -> (artifact id: '8111315a8b61434dc09258c4c5ced648') in 0.1333965 seconds
Number of updated asset objects reloaded before import = 0Number of asset objects unloaded after import = 8

========================================================================
Received Import Request.
  Time since last request: 2287.627485 seconds.
  path: Assets/Meshes/TeacherChair.fbx
  artifactKey: Guid(09af0a129dda55048a59b575f83ec834) Importer(815301076,1909f56bfc062723c751e8b465ee728b)
Start importing Assets/Meshes/TeacherChair.fbx using Guid(09af0a129dda55048a59b575f83ec834) Importer(815301076,1909f56bfc062723c751e8b465ee728b) (PreviewImporter) -> (artifact id: 'e13927389d55624f6be411b90b59f8d0') in 0.1006055 seconds
Number of updated asset objects reloaded before import = 0Number of asset objects unloaded after import = 7

========================================================================
Received Import Request.
  Time since last request: 9.298767 seconds.
  path: Assets/Meshes/TeacherChair.fbx
  artifactKey: Guid(09af0a129dda55048a59b575f83ec834) Importer(815301076,1909f56bfc062723c751e8b465ee728b)
Start importing Assets/Meshes/TeacherChair.fbx using Guid(09af0a129dda55048a59b575f83ec834) Importer(815301076,1909f56bfc062723c751e8b465ee728b) (PreviewImporter) -> (artifact id: 'e8d8bc44bf0c67bee53bb15380e1ee1b') in 0.0757134 seconds
Number of updated asset objects reloaded before import = 0Number of asset objects unloaded after import = 8

========================================================================
Received Import Request.
  Time since last request: 3.437913 seconds.
  path: Assets/Meshes/TeacherChair.fbx
  artifactKey: Guid(09af0a129dda55048a59b575f83ec834) Importer(815301076,1909f56bfc062723c751e8b465ee728b)
Start importing Assets/Meshes/TeacherChair.fbx using Guid(09af0a129dda55048a59b575f83ec834) Importer(815301076,1909f56bfc062723c751e8b465ee728b) (PreviewImporter) -> (artifact id: '7c4b44dd670daefbbe05f6e71d10e21b') in 0.0997921 seconds
Number of updated asset objects reloaded before import = 0Number of asset objects unloaded after import = 8

========================================================================
Received Import Request.
  Time since last request: 2300.721698 seconds.
  path: Assets/Meshes/Mug.fbx
  artifactKey: Guid(584ff2f94036dfd4ba9b99f63d29411a) Importer(815301076,1909f56bfc062723c751e8b465ee728b)
Start importing Assets/Meshes/Mug.fbx using Guid(584ff2f94036dfd4ba9b99f63d29411a) Importer(815301076,1909f56bfc062723c751e8b465ee728b) (PreviewImporter) -> (artifact id: '5ea379efbc13d40efdcfeb403c3181cd') in 0.096479 seconds
Number of updated asset objects reloaded before import = 0Number of asset objects unloaded after import = 7

========================================================================
Received Import Request.
  Time since last request: 4.420180 seconds.
  path: Assets/Meshes/Mug.fbx
  artifactKey: Guid(584ff2f94036dfd4ba9b99f63d29411a) Importer(815301076,1909f56bfc062723c751e8b465ee728b)
Start importing Assets/Meshes/Mug.fbx using Guid(584ff2f94036dfd4ba9b99f63d29411a) Importer(815301076,1909f56bfc062723c751e8b465ee728b) (PreviewImporter) -> (artifact id: '529fcb500c720945ef48abc3e2411bf0') in 0.0728361 seconds
Number of updated asset objects reloaded before import = 0Number of asset objects unloaded after import = 7

========================================================================
Received Import Request.
  Time since last request: 19.206612 seconds.
  path: Assets/Meshes/Mug.fbx
  artifactKey: Guid(584ff2f94036dfd4ba9b99f63d29411a) Importer(815301076,1909f56bfc062723c751e8b465ee728b)
Start importing Assets/Meshes/Mug.fbx using Guid(584ff2f94036dfd4ba9b99f63d29411a) Importer(815301076,1909f56bfc062723c751e8b465ee728b) (PreviewImporter) -> (artifact id: 'ce51dc54929ecb02c9994cb4a397fccb') in 0.0783202 seconds
Number of updated asset objects reloaded before import = 0Number of asset objects unloaded after import = 7

========================================================================
Received Import Request.
  Time since last request: 29.182601 seconds.
  path: Assets/Meshes/PaperStack.fbx
  artifactKey: Guid(1936d818492a7af41bd481732a34e238) Importer(815301076,1909f56bfc062723c751e8b465ee728b)
Start importing Assets/Meshes/PaperStack.fbx using Guid(1936d818492a7af41bd481732a34e238) Importer(815301076,1909f56bfc062723c751e8b465ee728b) (PreviewImporter) -> (artifact id: 'af47394d4299d1d9dabd64f99c3b17d5') in 0.1067316 seconds
Number of updated asset objects reloaded before import = 0Number of asset objects unloaded after import = 8

========================================================================
Received Import Request.
  Time since last request: 8.573241 seconds.
  path: Assets/Meshes/PaperStack.fbx
  artifactKey: Guid(1936d818492a7af41bd481732a34e238) Importer(815301076,1909f56bfc062723c751e8b465ee728b)
Start importing Assets/Meshes/PaperStack.fbx using Guid(1936d818492a7af41bd481732a34e238) Importer(815301076,1909f56bfc062723c751e8b465ee728b) (PreviewImporter) -> (artifact id: 'cf75795bc12a39c6fd783719a6d4c3e6') in 0.0580536 seconds
Number of updated asset objects reloaded before import = 0Number of asset objects unloaded after import = 8

========================================================================
Received Import Request.
  Time since last request: 4.528155 seconds.
  path: Assets/Meshes/PaperStack.fbx
  artifactKey: Guid(1936d818492a7af41bd481732a34e238) Importer(815301076,1909f56bfc062723c751e8b465ee728b)
Start importing Assets/Meshes/PaperStack.fbx using Guid(1936d818492a7af41bd481732a34e238) Importer(815301076,1909f56bfc062723c751e8b465ee728b) (PreviewImporter) -> (artifact id: '65e0ede9fbe38a3bd1700a0a9b4c063a') in 0.090227 seconds
Number of updated asset objects reloaded before import = 0Number of asset objects unloaded after import = 8

========================================================================
Received Import Request.
  Time since last request: 9.010927 seconds.
  path: Assets/Meshes/Mug.fbx
  artifactKey: Guid(584ff2f94036dfd4ba9b99f63d29411a) Importer(815301076,1909f56bfc062723c751e8b465ee728b)
Start importing Assets/Meshes/Mug.fbx using Guid(584ff2f94036dfd4ba9b99f63d29411a) Importer(815301076,1909f56bfc062723c751e8b465ee728b) (PreviewImporter) -> (artifact id: 'fa00ee96147f7620a979a9630577576c') in 0.0802822 seconds
Number of updated asset objects reloaded before import = 0Number of asset objects unloaded after import = 8

========================================================================
Received Import Request.
  Time since last request: 454.678762 seconds.
  path: Assets/Meshes/PenHolder.fbx
  artifactKey: Guid(3b3ffc5f9e0e9cf48a7a3d5238c9e319) Importer(815301076,1909f56bfc062723c751e8b465ee728b)
Start importing Assets/Meshes/PenHolder.fbx using Guid(3b3ffc5f9e0e9cf48a7a3d5238c9e319) Importer(815301076,1909f56bfc062723c751e8b465ee728b) (PreviewImporter) -> (artifact id: '9dfe3796fd4412699d80d8f16698ab6d') in 0.5440228 seconds
Number of updated asset objects reloaded before import = 0Number of asset objects unloaded after import = 20

========================================================================
Received Import Request.
  Time since last request: 35.401328 seconds.
  path: Assets/Meshes/PenHolder.fbx
  artifactKey: Guid(3b3ffc5f9e0e9cf48a7a3d5238c9e319) Importer(815301076,1909f56bfc062723c751e8b465ee728b)
Start importing Assets/Meshes/PenHolder.fbx using Guid(3b3ffc5f9e0e9cf48a7a3d5238c9e319) Importer(815301076,1909f56bfc062723c751e8b465ee728b) (PreviewImporter) -> (artifact id: 'b8ee9fd8fd77633bf4918d4fd77dc4a6') in 0.1926784 seconds
Number of updated asset objects reloaded before import = 0Number of asset objects unloaded after import = 20

========================================================================
Received Import Request.
  Time since last request: 66.582102 seconds.
  path: Assets/Meshes/PenHolder.fbx
  artifactKey: Guid(3b3ffc5f9e0e9cf48a7a3d5238c9e319) Importer(815301076,1909f56bfc062723c751e8b465ee728b)
Start importing Assets/Meshes/PenHolder.fbx using Guid(3b3ffc5f9e0e9cf48a7a3d5238c9e319) Importer(815301076,1909f56bfc062723c751e8b465ee728b) (PreviewImporter) -> (artifact id: 'ca6bef5519e2e497f494f9ffadedcd59') in 0.373057 seconds
Number of updated asset objects reloaded before import = 0Number of asset objects unloaded after import = 20

========================================================================
Received Import Request.
  Time since last request: 210.157792 seconds.
  path: Assets/Prefab/TeacherDesk.prefab
  artifactKey: Guid(5a2c1a8fa794a3a49abcea7a6d75e68d) Importer(815301076,1909f56bfc062723c751e8b465ee728b)
Start importing Assets/Prefab/TeacherDesk.prefab using Guid(5a2c1a8fa794a3a49abcea7a6d75e68d) Importer(815301076,1909f56bfc062723c751e8b465ee728b) (PreviewImporter) -> (artifact id: '2a2def87e2c64827f199e523c1505b22') in 0.1347903 seconds
Number of updated asset objects reloaded before import = 0Number of asset objects unloaded after import = 79

