Using pre-set license
Built from '6000.0/staging' branch; Version is '6000.0.41f1 (46e447368a18) revision 4645959'; Using compiler version '193933523'; Build Type 'Release'
OS: 'Windows 11  (10.0.26100) 64bit Core' Language: 'fr' Physical Memory: 16087 MB
BatchMode: 1, IsHumanControllingUs: 0, StartBugReporterOnCrash: 0, Is64bit: 1, IsPro: 1

COMMAND LINE ARGUMENTS:
C:\Program Files\Unity\Hub\Editor\6000.0.41f1\Editor\Unity.exe
-adb2
-batchMode
-noUpm
-name
AssetImportWorker0
-projectPath
C:/Users/shega/Desktop/BxlGmJm/Unity/avoid_the_dark
-logFile
Logs/AssetImportWorker0.log
-srvPort
62210
-job-worker-count
7
-background-job-worker-count
8
-gc-helper-count
1
Successfully changed project path to: C:/Users/shega/Desktop/BxlGmJm/Unity/avoid_the_dark
C:/Users/shega/Desktop/BxlGmJm/Unity/avoid_the_dark
[UnityMemory] Configuration Parameters - Can be set up in boot.config
    "memorysetup-bucket-allocator-granularity=16"
    "memorysetup-bucket-allocator-bucket-count=8"
    "memorysetup-bucket-allocator-block-size=33554432"
    "memorysetup-bucket-allocator-block-count=8"
    "memorysetup-main-allocator-block-size=16777216"
    "memorysetup-thread-allocator-block-size=16777216"
    "memorysetup-gfx-main-allocator-block-size=16777216"
    "memorysetup-gfx-thread-allocator-block-size=16777216"
    "memorysetup-cache-allocator-block-size=4194304"
    "memorysetup-typetree-allocator-block-size=2097152"
    "memorysetup-profiler-bucket-allocator-granularity=16"
    "memorysetup-profiler-bucket-allocator-bucket-count=8"
    "memorysetup-profiler-bucket-allocator-block-size=33554432"
    "memorysetup-profiler-bucket-allocator-block-count=8"
    "memorysetup-profiler-allocator-block-size=16777216"
    "memorysetup-profiler-editor-allocator-block-size=1048576"
    "memorysetup-temp-allocator-size-main=16777216"
    "memorysetup-job-temp-allocator-block-size=2097152"
    "memorysetup-job-temp-allocator-block-size-background=1048576"
    "memorysetup-job-temp-allocator-reduction-small-platforms=262144"
    "memorysetup-allocator-temp-initial-block-size-main=262144"
    "memorysetup-allocator-temp-initial-block-size-worker=262144"
    "memorysetup-temp-allocator-size-background-worker=32768"
    "memorysetup-temp-allocator-size-job-worker=262144"
    "memorysetup-temp-allocator-size-preload-manager=33554432"
    "memorysetup-temp-allocator-size-nav-mesh-worker=65536"
    "memorysetup-temp-allocator-size-audio-worker=65536"
    "memorysetup-temp-allocator-size-cloud-worker=32768"
    "memorysetup-temp-allocator-size-gi-baking-worker=262144"
    "memorysetup-temp-allocator-size-gi-baking-worker=262144"
    "memorysetup-temp-allocator-size-gi-baking-worker=262144"
    "memorysetup-temp-allocator-size-gi-baking-worker=262144"
    "memorysetup-temp-allocator-size-gi-baking-worker=262144"
    "memorysetup-temp-allocator-size-gfx=262144"
Player connection [35900]  Target information:

Player connection [35900]  * "[IP] 192.168.0.197 [Port] 0 [Flags] 2 [Guid] 3172185861 [EditorId] 3172185861 [Version] 1048832 [Id] WindowsEditor(7,PCPSheg) [Debug] 1 [PackageName] WindowsEditor [ProjectName] Editor" 

Player connection [35900] Host joined multi-casting on [225.0.0.222:54997]...
Player connection [35900] Host joined alternative multi-casting on [225.0.0.222:34997]...
JobSystem: Creating JobQueue using job-worker-count value 7
Input System module state changed to: Initialized.
[Physics::Module] Initialized fallback backend.
[Physics::Module] Id: 0xdecafbad
Library Redirect Path: Library/
[Physics::Module] Selected backend.
[Physics::Module] Name: PhysX
[Physics::Module] Id: 0xf2b8ea05
[Physics::Module] SDK Version: 4.1.2
[Physics::Module] Integration Version: 1.0.0
[Physics::Module] Threading Mode: Multi-Threaded
Refreshing native plugins compatible for Editor in 1.93 ms, found 3 plugins.
Preloading 0 native plugins for Editor in 0.00 ms.
Initialize engine version: 6000.0.41f1 (46e447368a18)
[Subsystems] Discovering subsystems at path C:/Program Files/Unity/Hub/Editor/6000.0.41f1/Editor/Data/Resources/UnitySubsystems
[Subsystems] Discovering subsystems at path C:/Users/shega/Desktop/BxlGmJm/Unity/avoid_the_dark/Assets
GfxDevice: creating device client; kGfxThreadingModeNonThreaded
Direct3D:
    Version:  Direct3D 11.0 [level 11.1]
    Renderer: NVIDIA GeForce RTX 4070 Laptop GPU (ID=0x2820)
    Vendor:   NVIDIA
    VRAM:     7948 MB
    Driver:   32.0.15.7260
Initialize mono
Mono path[0] = 'C:/Program Files/Unity/Hub/Editor/6000.0.41f1/Editor/Data/Managed'
Mono path[1] = 'C:/Program Files/Unity/Hub/Editor/6000.0.41f1/Editor/Data/MonoBleedingEdge/lib/mono/unityjit-win32'
Mono config path = 'C:/Program Files/Unity/Hub/Editor/6000.0.41f1/Editor/Data/MonoBleedingEdge/etc'
Using monoOptions --debugger-agent=transport=dt_socket,embedding=1,server=y,suspend=n,address=127.0.0.1:56484
Begin MonoManager ReloadAssembly
Registering precompiled unity dll's ...
Register platform support module: C:/Program Files/Unity/Hub/Editor/6000.0.41f1/Editor/Data/PlaybackEngines/WebGLSupport/UnityEditor.WebGL.Extensions.dll
Register platform support module: C:/Program Files/Unity/Hub/Editor/6000.0.41f1/Editor/Data/PlaybackEngines/WindowsStandaloneSupport/UnityEditor.WindowsStandalone.Extensions.dll
Register platform support module: C:/Program Files/Unity/Hub/Editor/6000.0.41f1/Editor/Data/PlaybackEngines/MetroSupport/UnityEditor.UWP.Extensions.dll
Registered in 0.004439 seconds.
- Loaded All Assemblies, in  0.433 seconds
Native extension for UWP target not found
Native extension for WindowsStandalone target not found
Native extension for WebGL target not found
Mono: successfully reloaded assembly
- Finished resetting the current domain, in  0.436 seconds
Domain Reload Profiling: 868ms
	BeginReloadAssembly (150ms)
		ExecutionOrderSort (0ms)
		DisableScriptedObjects (0ms)
		BackupInstance (0ms)
		ReleaseScriptingObjects (0ms)
		CreateAndSetChildDomain (1ms)
	RebuildCommonClasses (39ms)
	RebuildNativeTypeToScriptingClass (13ms)
	initialDomainReloadingComplete (54ms)
	LoadAllAssembliesAndSetupDomain (176ms)
		LoadAssemblies (148ms)
		RebuildTransferFunctionScriptingTraits (0ms)
		AnalyzeDomain (172ms)
			TypeCache.Refresh (170ms)
				TypeCache.ScanAssembly (156ms)
			BuildScriptInfoCaches (0ms)
			ResolveRequiredComponents (0ms)
	FinalizeReload (437ms)
		ReleaseScriptCaches (0ms)
		RebuildScriptCaches (0ms)
		SetupLoadedEditorAssemblies (388ms)
			LogAssemblyErrors (0ms)
			InitializePlatformSupportModulesInManaged (66ms)
			SetLoadedEditorAssemblies (5ms)
			BeforeProcessingInitializeOnLoad (63ms)
			ProcessInitializeOnLoadAttributes (191ms)
			ProcessInitializeOnLoadMethodAttributes (62ms)
			AfterProcessingInitializeOnLoad (0ms)
			EditorAssembliesLoaded (0ms)
		ExecutionOrderSort2 (0ms)
		AwakeInstancesAfterBackupRestoration (0ms)
========================================================================
Worker process is ready to serve import requests
Import Worker Mode flag is 0x00
Begin MonoManager ReloadAssembly
- Loaded All Assemblies, in  0.871 seconds
Refreshing native plugins compatible for Editor in 0.94 ms, found 3 plugins.
Native extension for UWP target not found
Native extension for WindowsStandalone target not found
Native extension for WebGL target not found
Mono: successfully reloaded assembly
- Finished resetting the current domain, in  0.778 seconds
Domain Reload Profiling: 1646ms
	BeginReloadAssembly (187ms)
		ExecutionOrderSort (0ms)
		DisableScriptedObjects (6ms)
		BackupInstance (0ms)
		ReleaseScriptingObjects (0ms)
		CreateAndSetChildDomain (30ms)
	RebuildCommonClasses (42ms)
	RebuildNativeTypeToScriptingClass (14ms)
	initialDomainReloadingComplete (41ms)
	LoadAllAssembliesAndSetupDomain (583ms)
		LoadAssemblies (407ms)
		RebuildTransferFunctionScriptingTraits (0ms)
		AnalyzeDomain (294ms)
			TypeCache.Refresh (217ms)
				TypeCache.ScanAssembly (200ms)
			BuildScriptInfoCaches (59ms)
			ResolveRequiredComponents (15ms)
	FinalizeReload (779ms)
		ReleaseScriptCaches (0ms)
		RebuildScriptCaches (0ms)
		SetupLoadedEditorAssemblies (604ms)
			LogAssemblyErrors (0ms)
			InitializePlatformSupportModulesInManaged (15ms)
			SetLoadedEditorAssemblies (3ms)
			BeforeProcessingInitializeOnLoad (104ms)
			ProcessInitializeOnLoadAttributes (385ms)
			ProcessInitializeOnLoadMethodAttributes (92ms)
			AfterProcessingInitializeOnLoad (4ms)
			EditorAssembliesLoaded (0ms)
		ExecutionOrderSort2 (0ms)
		AwakeInstancesAfterBackupRestoration (6ms)
Launched and connected shader compiler UnityShaderCompiler.exe after 0.04 seconds
Refreshing native plugins compatible for Editor in 1.07 ms, found 3 plugins.
Preloading 0 native plugins for Editor in 0.00 ms.
Unloading 199 Unused Serialized files (Serialized files now loaded: 0)
Unloading 5941 unused Assets / (3.8 MB). Loaded Objects now: 6645.
Memory consumption went from 166.3 MB to 162.5 MB.
Total: 8.686500 ms (FindLiveObjects: 0.725500 ms CreateObjectMapping: 0.497300 ms MarkObjects: 5.229000 ms  DeleteObjects: 2.232900 ms)

========================================================================
Received Import Request.
  Time since last request: 1848235.142711 seconds.
  path: Assets/InputSystem_Actions.inputactions
  artifactKey: Guid(052faaac586de48259a63d0c4782560b) Importer(815301076,1909f56bfc062723c751e8b465ee728b)
Start importing Assets/InputSystem_Actions.inputactions using Guid(052faaac586de48259a63d0c4782560b) Importer(815301076,1909f56bfc062723c751e8b465ee728b) (PreviewImporter) -> (artifact id: '5e3f70f0364ded6a0e35bba7f5564b43') in 0.040282 seconds
Number of updated asset objects reloaded before import = 0Number of asset objects unloaded after import = 20

========================================================================
Received Import Request.
  Time since last request: 296.478920 seconds.
  path: Assets
  artifactKey: Guid(00000000000000001000000000000000) Importer(815301076,1909f56bfc062723c751e8b465ee728b)
Start importing Assets using Guid(00000000000000001000000000000000) Importer(815301076,1909f56bfc062723c751e8b465ee728b) (PreviewImporter) -> (artifact id: 'c391582d739b6e62a5220f35cbb167ac') in 0.0008121 seconds
Number of updated asset objects reloaded before import = 0Number of asset objects unloaded after import = 0

========================================================================
Received Import Request.
  Time since last request: 6.983545 seconds.
  path: Assets/Animations
  artifactKey: Guid(804b693986efb6643ba773fda096a3b2) Importer(815301076,1909f56bfc062723c751e8b465ee728b)
Start importing Assets/Animations using Guid(804b693986efb6643ba773fda096a3b2) Importer(815301076,1909f56bfc062723c751e8b465ee728b) (PreviewImporter) -> (artifact id: 'ac3e149441342c1cbfc1844e19957c22') in 0.0007646 seconds
Number of updated asset objects reloaded before import = 0Number of asset objects unloaded after import = 0

========================================================================
Received Import Request.
  Time since last request: 8.854993 seconds.
  path: Assets/Meshes
  artifactKey: Guid(b8e1fabc42f8eba43b5c27250dbc5509) Importer(815301076,1909f56bfc062723c751e8b465ee728b)
Start importing Assets/Meshes using Guid(b8e1fabc42f8eba43b5c27250dbc5509) Importer(815301076,1909f56bfc062723c751e8b465ee728b) (PreviewImporter) -> (artifact id: '34cb2639321373a5b841c2519ae44463') in 0.0009317 seconds
Number of updated asset objects reloaded before import = 0Number of asset objects unloaded after import = 0

========================================================================
Received Import Request.
  Time since last request: 48.392850 seconds.
  path: Assets/Animations/FinalBaseMesh.fbx
  artifactKey: Guid(40a168cfb41e3be43bf00a86683893e6) Importer(815301076,1909f56bfc062723c751e8b465ee728b)
Start importing Assets/Animations/FinalBaseMesh.fbx using Guid(40a168cfb41e3be43bf00a86683893e6) Importer(815301076,1909f56bfc062723c751e8b465ee728b) (PreviewImporter) -> (artifact id: 'fc135dc8619aaa2b864616afd9c8686f') in 3.3121934 seconds
Number of updated asset objects reloaded before import = 0Number of asset objects unloaded after import = 139

========================================================================
Received Import Request.
  Time since last request: 0.000037 seconds.
  path: Assets/Animations/idle.fbx
  artifactKey: Guid(cba54da374ee086409802f0ff4504f31) Importer(815301076,1909f56bfc062723c751e8b465ee728b)
Start importing Assets/Animations/idle.fbx using Guid(cba54da374ee086409802f0ff4504f31) Importer(815301076,1909f56bfc062723c751e8b465ee728b) (PreviewImporter) -> (artifact id: 'd07bacafd671d52b29a840076e154577') in 0.0051357 seconds
Number of updated asset objects reloaded before import = 0Number of asset objects unloaded after import = 135

========================================================================
Received Import Request.
  Time since last request: 0.000045 seconds.
  path: Assets/Animations/jump.fbx
  artifactKey: Guid(94af9d4638eba104f9ee910390eda1c9) Importer(815301076,1909f56bfc062723c751e8b465ee728b)
Start importing Assets/Animations/jump.fbx using Guid(94af9d4638eba104f9ee910390eda1c9) Importer(815301076,1909f56bfc062723c751e8b465ee728b) (PreviewImporter) -> (artifact id: '64b28cd445c91933596ecca56c7d8437') in 0.0069329 seconds
Number of updated asset objects reloaded before import = 0Number of asset objects unloaded after import = 135

========================================================================
Received Import Request.
  Time since last request: 0.000028 seconds.
  path: Assets/Animations/walking.fbx
  artifactKey: Guid(203f1603975d4614e90bfb01dc7a7d60) Importer(815301076,1909f56bfc062723c751e8b465ee728b)
Start importing Assets/Animations/walking.fbx using Guid(203f1603975d4614e90bfb01dc7a7d60) Importer(815301076,1909f56bfc062723c751e8b465ee728b) (PreviewImporter) -> (artifact id: '4cc2ae784b982f03e1769d4ab7fe021c') in 0.0045481 seconds
Number of updated asset objects reloaded before import = 0Number of asset objects unloaded after import = 135

========================================================================
Received Import Request.
  Time since last request: 0.000032 seconds.
  path: Assets/Animations/right strafe walking.fbx
  artifactKey: Guid(49dd65645ef020d40a3f13543e921520) Importer(815301076,1909f56bfc062723c751e8b465ee728b)
Start importing Assets/Animations/right strafe walking.fbx using Guid(49dd65645ef020d40a3f13543e921520) Importer(815301076,1909f56bfc062723c751e8b465ee728b) (PreviewImporter) -> (artifact id: 'bb4bdbcb5b9856d92e8ed6ea76e41c78') in 0.00412 seconds
Number of updated asset objects reloaded before import = 0Number of asset objects unloaded after import = 135

========================================================================
Received Import Request.
  Time since last request: 0.000032 seconds.
  path: Assets/Animations/right turn 90.fbx
  artifactKey: Guid(dabcf666f759b724ead40c9c40aa2971) Importer(815301076,1909f56bfc062723c751e8b465ee728b)
Start importing Assets/Animations/right turn 90.fbx using Guid(dabcf666f759b724ead40c9c40aa2971) Importer(815301076,1909f56bfc062723c751e8b465ee728b) (PreviewImporter) -> (artifact id: '920e2a4690d1ec3f7335e4f148896e0e') in 0.0041856 seconds
Number of updated asset objects reloaded before import = 0Number of asset objects unloaded after import = 135

========================================================================
Received Import Request.
  Time since last request: 0.000026 seconds.
  path: Assets/Animations/left strafe.fbx
  artifactKey: Guid(47a4333a2cccdfc478c773e638a28890) Importer(815301076,1909f56bfc062723c751e8b465ee728b)
Start importing Assets/Animations/left strafe.fbx using Guid(47a4333a2cccdfc478c773e638a28890) Importer(815301076,1909f56bfc062723c751e8b465ee728b) (PreviewImporter) -> (artifact id: 'd268dd5dbe8d00ad6dbe2d9b15b94137') in 0.0047726 seconds
Number of updated asset objects reloaded before import = 0Number of asset objects unloaded after import = 135

========================================================================
Received Import Request.
  Time since last request: 0.000033 seconds.
  path: Assets/Animations/right strafe.fbx
  artifactKey: Guid(6edce36e0a8dc164f843f0512fc22d51) Importer(815301076,1909f56bfc062723c751e8b465ee728b)
Start importing Assets/Animations/right strafe.fbx using Guid(6edce36e0a8dc164f843f0512fc22d51) Importer(815301076,1909f56bfc062723c751e8b465ee728b) (PreviewImporter) -> (artifact id: 'ef68501c2941af8ea14f33ffa01df726') in 0.0061472 seconds
Number of updated asset objects reloaded before import = 0Number of asset objects unloaded after import = 135

========================================================================
Received Import Request.
  Time since last request: 0.000048 seconds.
  path: Assets/Animations/standard run.fbx
  artifactKey: Guid(3a83b6e8c9e41b7409dd8c0f62b1ce24) Importer(815301076,1909f56bfc062723c751e8b465ee728b)
Start importing Assets/Animations/standard run.fbx using Guid(3a83b6e8c9e41b7409dd8c0f62b1ce24) Importer(815301076,1909f56bfc062723c751e8b465ee728b) (PreviewImporter) -> (artifact id: '7ce5792bbe98eb193e9fba4814b40bb4') in 0.0104569 seconds
Number of updated asset objects reloaded before import = 0Number of asset objects unloaded after import = 135

========================================================================
Received Import Request.
  Time since last request: 0.000046 seconds.
  path: Assets/Animations/left strafe walking.fbx
  artifactKey: Guid(14a5a3005989f064a98cc4a6acbafac3) Importer(815301076,1909f56bfc062723c751e8b465ee728b)
Start importing Assets/Animations/left strafe walking.fbx using Guid(14a5a3005989f064a98cc4a6acbafac3) Importer(815301076,1909f56bfc062723c751e8b465ee728b) (PreviewImporter) -> (artifact id: '9732bc0f51d10c3db451643fded11f4e') in 0.0049352 seconds
Number of updated asset objects reloaded before import = 0Number of asset objects unloaded after import = 135

========================================================================
Received Import Request.
  Time since last request: 0.000046 seconds.
  path: Assets/Animations/left turn 90.fbx
  artifactKey: Guid(55bb033403074cf44bac1d6caddbd65d) Importer(815301076,1909f56bfc062723c751e8b465ee728b)
Start importing Assets/Animations/left turn 90.fbx using Guid(55bb033403074cf44bac1d6caddbd65d) Importer(815301076,1909f56bfc062723c751e8b465ee728b) (PreviewImporter) -> (artifact id: '61daf0166bde500a5fa2cc01d84cbbcf') in 0.0041787 seconds
Number of updated asset objects reloaded before import = 0Number of asset objects unloaded after import = 135

========================================================================
Received Import Request.
  Time since last request: 23.408076 seconds.
  path: Assets/Meshes/FinalBaseMesh.fbx
  artifactKey: Guid(9a97fa1252f8cb441aac2f0fd739e8be) Importer(815301076,1909f56bfc062723c751e8b465ee728b)
Start importing Assets/Meshes/FinalBaseMesh.fbx using Guid(9a97fa1252f8cb441aac2f0fd739e8be) Importer(815301076,1909f56bfc062723c751e8b465ee728b) (PreviewImporter) -> (artifact id: '18e814e61fac358f61f671006d8412ae') in 0.0704175 seconds
Number of updated asset objects reloaded before import = 0Number of asset objects unloaded after import = 139

========================================================================
Received Import Request.
  Time since last request: 155.185011 seconds.
  path: Assets/Animations/FinalBaseMesh.fbx
  artifactKey: Guid(40a168cfb41e3be43bf00a86683893e6) Importer(815301076,1909f56bfc062723c751e8b465ee728b)
Start importing Assets/Animations/FinalBaseMesh.fbx using Guid(40a168cfb41e3be43bf00a86683893e6) Importer(815301076,1909f56bfc062723c751e8b465ee728b) (PreviewImporter) -> (artifact id: '5d11e64072e8df2f92e0e584a1c011fc') in 0.0798985 seconds
Number of updated asset objects reloaded before import = 0Number of asset objects unloaded after import = 141

========================================================================
Received Import Request.
  Time since last request: 131.707344 seconds.
  path: Assets/Animations/walking.fbx
  artifactKey: Guid(203f1603975d4614e90bfb01dc7a7d60) Importer(815301076,1909f56bfc062723c751e8b465ee728b)
Start importing Assets/Animations/walking.fbx using Guid(203f1603975d4614e90bfb01dc7a7d60) Importer(815301076,1909f56bfc062723c751e8b465ee728b) (PreviewImporter) -> (artifact id: 'dbbf080baaa60c9ab079c44ab4ab940c') in 0.0079079 seconds
Number of updated asset objects reloaded before import = 0Number of asset objects unloaded after import = 135

========================================================================
Received Import Request.
  Time since last request: 303.650503 seconds.
  path: Assets/Scenes
  artifactKey: Guid(9c53962885c2c4f449125a979d6ad240) Importer(815301076,1909f56bfc062723c751e8b465ee728b)
Start importing Assets/Scenes using Guid(9c53962885c2c4f449125a979d6ad240) Importer(815301076,1909f56bfc062723c751e8b465ee728b) (PreviewImporter) -> (artifact id: 'ae1af5c61b2fd4bcacfc65f55f013a75') in 0.0011453 seconds
Number of updated asset objects reloaded before import = 0Number of asset objects unloaded after import = 0

========================================================================
Received Import Request.
  Time since last request: 37.404710 seconds.
  path: Assets/Animations/idle.fbx
  artifactKey: Guid(cba54da374ee086409802f0ff4504f31) Importer(815301076,1909f56bfc062723c751e8b465ee728b)
Start importing Assets/Animations/idle.fbx using Guid(cba54da374ee086409802f0ff4504f31) Importer(815301076,1909f56bfc062723c751e8b465ee728b) (PreviewImporter) -> (artifact id: '344cb2fc410a98c851549d394fbc059c') in 0.0146139 seconds
Number of updated asset objects reloaded before import = 0Number of asset objects unloaded after import = 135

========================================================================
Received Import Request.
  Time since last request: 39.891532 seconds.
  path: Assets/Animations/jump.fbx
  artifactKey: Guid(94af9d4638eba104f9ee910390eda1c9) Importer(815301076,1909f56bfc062723c751e8b465ee728b)
Start importing Assets/Animations/jump.fbx using Guid(94af9d4638eba104f9ee910390eda1c9) Importer(815301076,1909f56bfc062723c751e8b465ee728b) (PreviewImporter) -> (artifact id: '5b0f3f203e96abe37d81490ea24421b6') in 0.0089666 seconds
Number of updated asset objects reloaded before import = 0Number of asset objects unloaded after import = 135

========================================================================
Received Import Request.
  Time since last request: 24.534467 seconds.
  path: Assets/Scenes/SampleScene.unity
  artifactKey: Guid(99c9720ab356a0642a771bea13969a05) Importer(815301076,1909f56bfc062723c751e8b465ee728b)
Start importing Assets/Scenes/SampleScene.unity using Guid(99c9720ab356a0642a771bea13969a05) Importer(815301076,1909f56bfc062723c751e8b465ee728b) (PreviewImporter) -> (artifact id: '59742ef9161b67d2b6509973156aa0e4') in 0.0007354 seconds
Number of updated asset objects reloaded before import = 0Number of asset objects unloaded after import = 0

========================================================================
Received Import Request.
  Time since last request: 18.055145 seconds.
  path: Assets/Scenes/Main.unity
  artifactKey: Guid(e5d09f9122915684ca28bfbbec957753) Importer(815301076,1909f56bfc062723c751e8b465ee728b)
Start importing Assets/Scenes/Main.unity using Guid(e5d09f9122915684ca28bfbbec957753) Importer(815301076,1909f56bfc062723c751e8b465ee728b) (PreviewImporter) -> (artifact id: '071d21f5920b8a8910b560a758824a2d') in 0.0008699 seconds
Number of updated asset objects reloaded before import = 0Number of asset objects unloaded after import = 0

========================================================================
Received Import Request.
  Time since last request: 104.319820 seconds.
  path: Assets/Animations/CharaBase_Cont.controller
  artifactKey: Guid(b0cb96499a5e4ca4ebe84e44fd36698e) Importer(815301076,1909f56bfc062723c751e8b465ee728b)
Start importing Assets/Animations/CharaBase_Cont.controller using Guid(b0cb96499a5e4ca4ebe84e44fd36698e) Importer(815301076,1909f56bfc062723c751e8b465ee728b) (PreviewImporter) -> (artifact id: 'f64c926568e7d9797a3c6552b6e11785') in 0.0042873 seconds
Number of updated asset objects reloaded before import = 0Number of asset objects unloaded after import = 1

========================================================================
Received Import Request.
  Time since last request: 61.684890 seconds.
  path: Assets/Animations/CharaBase_Cont.controller
  artifactKey: Guid(b0cb96499a5e4ca4ebe84e44fd36698e) Importer(815301076,1909f56bfc062723c751e8b465ee728b)
Start importing Assets/Animations/CharaBase_Cont.controller using Guid(b0cb96499a5e4ca4ebe84e44fd36698e) Importer(815301076,1909f56bfc062723c751e8b465ee728b) (PreviewImporter) -> (artifact id: '4309f75ffc6bd6b5548660ecb38aaad8') in 0.0030864 seconds
Number of updated asset objects reloaded before import = 0Number of asset objects unloaded after import = 2

